<?xml version="1.0" encoding="UTF-8"?>
<!-- Generated by org.testng.reporters.JUnitReportReporter -->
<testsuite hostname="DESKTOP-B0DD0C2" failures="0" tests="1" name="MarsAirTestScript.Search" time="0.179" errors="0" timestamp="2024-04-17T23:07:55 IST" skipped="0">
  <testcase classname="MarsAirTestScript.Search" name="ToValidateSearchLabelValue" time="0.179"/>
  <system-out/>
</testsuite> <!-- MarsAirTestScript.Search -->
