<?xml version="1.0" encoding="UTF-8"?>
<!-- Generated by org.testng.reporters.JUnitReportReporter -->
<testsuite hostname="DESKTOP-B0DD0C2" failures="0" tests="1" name="utility.readconfig" time="0.008" errors="0" timestamp="2024-04-17T21:22:36 IST" skipped="0">
  <testcase classname="utility.readconfig" name="readconfigfile" time="0.008"/>
  <system-out/>
</testsuite> <!-- utility.readconfig -->
