<?xml version="1.0" encoding="UTF-8"?>
<!-- Generated by org.testng.reporters.JUnitReportReporter -->
<testsuite hostname="DESKTOP-B0DD0C2" failures="0" tests="1" name="BaseTest.Setup" time="15.494" errors="0" timestamp="2024-04-17T21:59:14 IST" skipped="0">
  <testcase classname="BaseTest.Setup" name="driversetup" time="15.494"/>
  <system-out/>
</testsuite> <!-- BaseTest.Setup -->
